# JRE version: Java(TM) SE Runtime Environment (8.0_151-b12) (build 1.8.0_151-b12)
# Java VM: Java HotSpot(TM) 64-Bit Server VM (25.151-b12 mixed mode windows-amd64 compressed oops)
Heap:
 PSYoungGen      total 260096K, used 86066K [0x00000000eb400000, 0x0000000100000000, 0x0000000100000000)
  eden space 244736K, 35% used [0x00000000eb400000,0x00000000f080cbc0,0x00000000fa300000)
  from space 15360K, 0% used [0x00000000fa300000,0x00000000fa300000,0x00000000fb200000)
  to   space 22016K, 0% used [0x00000000fea80000,0x00000000fea80000,0x0000000100000000)
 ParOldGen       total 81920K, used 35992K [0x00000000c1c00000, 0x00000000c6c00000, 0x00000000eb400000)
  object space 81920K, 43% used [0x00000000c1c00000,0x00000000c3f26260,0x00000000c6c00000)
 Metaspace       used 64492K, capacity 67280K, committed 67416K, reserved 1107968K
  class space    used 8286K, capacity 8781K, committed 8792K, reserved 1048576K
GC Heap History (10 events):
Event: 9.616 GC heap before
{Heap before GC invocations=12 (full 1):
 PSYoungGen      total 185344K, used 184866K [0x00000000eb400000, 0x00000000f8d80000, 0x0000000100000000)
  eden space 174592K, 99% used [0x00000000eb400000,0x00000000f5e73bd8,0x00000000f5e80000)
  from space 10752K, 96% used [0x00000000f8300000,0x00000000f8d14ca0,0x00000000f8d80000)
  to   space 16384K, 0% used [0x00000000f6d80000,0x00000000f6d80000,0x00000000f7d80000)
 ParOldGen       total 41472K, used 16061K [0x00000000c1c00000, 0x00000000c4480000, 0x00000000eb400000)
  object space 41472K, 38% used [0x00000000c1c00000,0x00000000c2baf488,0x00000000c4480000)
 Metaspace       used 28103K, capacity 29906K, committed 30080K, reserved 1075200K
  class space    used 3614K, capacity 3945K, committed 3968K, reserved 1048576K
Event: 9.639 GC heap after
Heap after GC invocations=12 (full 1):
 PSYoungGen      total 206336K, used 8670K [0x00000000eb400000, 0x00000000fc180000, 0x0000000100000000)
  eden space 189952K, 0% used [0x00000000eb400000,0x00000000eb400000,0x00000000f6d80000)
  from space 16384K, 52% used [0x00000000f6d80000,0x00000000f75f7bd8,0x00000000f7d80000)
  to   space 15872K, 0% used [0x00000000fb200000,0x00000000fb200000,0x00000000fc180000)
 ParOldGen       total 41472K, used 17717K [0x00000000c1c00000, 0x00000000c4480000, 0x00000000eb400000)
  object space 41472K, 42% used [0x00000000c1c00000,0x00000000c2d4d498,0x00000000c4480000)
 Metaspace       used 28103K, capacity 29906K, committed 30080K, reserved 1075200K
  class space    used 3614K, capacity 3945K, committed 3968K, reserved 1048576K
}
Event: 12.247 GC heap before
{Heap before GC invocations=13 (full 1):
 PSYoungGen      total 206336K, used 117294K [0x00000000eb400000, 0x00000000fc180000, 0x0000000100000000)
  eden space 189952K, 57% used [0x00000000eb400000,0x00000000f1e13dd0,0x00000000f6d80000)
  from space 16384K, 52% used [0x00000000f6d80000,0x00000000f75f7bd8,0x00000000f7d80000)
  to   space 15872K, 0% used [0x00000000fb200000,0x00000000fb200000,0x00000000fc180000)
 ParOldGen       total 41472K, used 17717K [0x00000000c1c00000, 0x00000000c4480000, 0x00000000eb400000)
  object space 41472K, 42% used [0x00000000c1c00000,0x00000000c2d4d498,0x00000000c4480000)
 Metaspace       used 33506K, capacity 35362K, committed 35416K, reserved 1079296K
  class space    used 4343K, capacity 4671K, committed 4696K, reserved 1048576K
Event: 12.315 GC heap after
Heap after GC invocations=13 (full 1):
 PSYoungGen      total 260608K, used 7789K [0x00000000eb400000, 0x00000000fd500000, 0x0000000100000000)
  eden space 244736K, 0% used [0x00000000eb400000,0x00000000eb400000,0x00000000fa300000)
  from space 15872K, 49% used [0x00000000fb200000,0x00000000fb99b700,0x00000000fc180000)
  to   space 15360K, 0% used [0x00000000fa300000,0x00000000fa300000,0x00000000fb200000)
 ParOldGen       total 41472K, used 21317K [0x00000000c1c00000, 0x00000000c4480000, 0x00000000eb400000)
  object space 41472K, 51% used [0x00000000c1c00000,0x00000000c30d1518,0x00000000c4480000)
 Metaspace       used 33506K, capacity 35362K, committed 35416K, reserved 1079296K
  class space    used 4343K, capacity 4671K, committed 4696K, reserved 1048576K
}
Event: 12.316 GC heap before
{Heap before GC invocations=14 (full 2):
 PSYoungGen      total 260608K, used 7789K [0x00000000eb400000, 0x00000000fd500000, 0x0000000100000000)
  eden space 244736K, 0% used [0x00000000eb400000,0x00000000eb400000,0x00000000fa300000)
  from space 15872K, 49% used [0x00000000fb200000,0x00000000fb99b700,0x00000000fc180000)
  to   space 15360K, 0% used [0x00000000fa300000,0x00000000fa300000,0x00000000fb200000)
 ParOldGen       total 41472K, used 21317K [0x00000000c1c00000, 0x00000000c4480000, 0x00000000eb400000)
  object space 41472K, 51% used [0x00000000c1c00000,0x00000000c30d1518,0x00000000c4480000)
 Metaspace       used 33506K, capacity 35362K, committed 35416K, reserved 1079296K
  class space    used 4343K, capacity 4671K, committed 4696K, reserved 1048576K
Event: 12.472 GC heap after
Heap after GC invocations=14 (full 2):
 PSYoungGen      total 260608K, used 0K [0x00000000eb400000, 0x00000000fd500000, 0x0000000100000000)
  eden space 244736K, 0% used [0x00000000eb400000,0x00000000eb400000,0x00000000fa300000)
  from space 15872K, 0% used [0x00000000fb200000,0x00000000fb200000,0x00000000fc180000)
  to   space 15360K, 0% used [0x00000000fa300000,0x00000000fa300000,0x00000000fb200000)
 ParOldGen       total 55296K, used 20500K [0x00000000c1c00000, 0x00000000c5200000, 0x00000000eb400000)
  object space 55296K, 37% used [0x00000000c1c00000,0x00000000c3005138,0x00000000c5200000)
 Metaspace       used 33506K, capacity 35362K, committed 35416K, reserved 1079296K
  class space    used 4343K, capacity 4671K, committed 4696K, reserved 1048576K
}
Event: 36.670 GC heap before
{Heap before GC invocations=15 (full 2):
 PSYoungGen      total 260608K, used 232287K [0x00000000eb400000, 0x00000000fd500000, 0x0000000100000000)
  eden space 244736K, 94% used [0x00000000eb400000,0x00000000f96d7d80,0x00000000fa300000)
  from space 15872K, 0% used [0x00000000fb200000,0x00000000fb200000,0x00000000fc180000)
  to   space 15360K, 0% used [0x00000000fa300000,0x00000000fa300000,0x00000000fb200000)
 ParOldGen       total 55296K, used 20500K [0x00000000c1c00000, 0x00000000c5200000, 0x00000000eb400000)
  object space 55296K, 37% used [0x00000000c1c00000,0x00000000c3005138,0x00000000c5200000)
 Metaspace       used 56274K, capacity 58906K, committed 58968K, reserved 1099776K
  class space    used 7549K, capacity 8011K, committed 8024K, reserved 1048576K
Event: 36.723 GC heap after
Heap after GC invocations=15 (full 2):
 PSYoungGen      total 260096K, used 15352K [0x00000000eb400000, 0x0000000100000000, 0x0000000100000000)
  eden space 244736K, 0% used [0x00000000eb400000,0x00000000eb400000,0x00000000fa300000)
  from space 15360K, 99% used [0x00000000fa300000,0x00000000fb1fe308,0x00000000fb200000)
  to   space 22016K, 0% used [0x00000000fea80000,0x00000000fea80000,0x0000000100000000)
 ParOldGen       total 55296K, used 32218K [0x00000000c1c00000, 0x00000000c5200000, 0x00000000eb400000)
  object space 55296K, 58% used [0x00000000c1c00000,0x00000000c3b76b18,0x00000000c5200000)
 Metaspace       used 56274K, capacity 58906K, committed 58968K, reserved 1099776K
  class space    used 7549K, capacity 8011K, committed 8024K, reserved 1048576K
}
Event: 36.724 GC heap before
{Heap before GC invocations=16 (full 3):
 PSYoungGen      total 260096K, used 15352K [0x00000000eb400000, 0x0000000100000000, 0x0000000100000000)
  eden space 244736K, 0% used [0x00000000eb400000,0x00000000eb400000,0x00000000fa300000)
  from space 15360K, 99% used [0x00000000fa300000,0x00000000fb1fe308,0x00000000fb200000)
  to   space 22016K, 0% used [0x00000000fea80000,0x00000000fea80000,0x0000000100000000)
 ParOldGen       total 55296K, used 32218K [0x00000000c1c00000, 0x00000000c5200000, 0x00000000eb400000)
  object space 55296K, 58% used [0x00000000c1c00000,0x00000000c3b76b18,0x00000000c5200000)
 Metaspace       used 56274K, capacity 58906K, committed 58968K, reserved 1099776K
  class space    used 7549K, capacity 8011K, committed 8024K, reserved 1048576K
Event: 36.954 GC heap after
Heap after GC invocations=16 (full 3):
 PSYoungGen      total 260096K, used 0K [0x00000000eb400000, 0x0000000100000000, 0x0000000100000000)
  eden space 244736K, 0% used [0x00000000eb400000,0x00000000eb400000,0x00000000fa300000)
  from space 15360K, 0% used [0x00000000fa300000,0x00000000fa300000,0x00000000fb200000)
  to   space 22016K, 0% used [0x00000000fea80000,0x00000000fea80000,0x0000000100000000)
 ParOldGen       total 81920K, used 35992K [0x00000000c1c00000, 0x00000000c6c00000, 0x00000000eb400000)
  object space 81920K, 43% used [0x00000000c1c00000,0x00000000c3f26260,0x00000000c6c00000)
 Metaspace       used 56274K, capacity 58906K, committed 58968K, reserved 1099776K
  class space    used 7549K, capacity 8011K, committed 8024K, reserved 1048576K
}

