# JRE version: Java(TM) SE Runtime Environment (8.0_151-b12) (build 1.8.0_151-b12)
# Java VM: Java HotSpot(TM) 64-Bit Server VM (25.151-b12 mixed mode windows-amd64 compressed oops)
Heap:
 PSYoungGen      total 307200K, used 243004K [0x00000000eb400000, 0x0000000100000000, 0x0000000100000000)
  eden space 274432K, 76% used [0x00000000eb400000,0x00000000f814fb00,0x00000000fc000000)
  from space 32768K, 99% used [0x00000000fc000000,0x00000000fdfff658,0x00000000fe000000)
  to   space 32768K, 0% used [0x00000000fe000000,0x00000000fe000000,0x0000000100000000)
 ParOldGen       total 83968K, used 30471K [0x00000000c1c00000, 0x00000000c6e00000, 0x00000000eb400000)
  object space 83968K, 36% used [0x00000000c1c00000,0x00000000c39c1fb0,0x00000000c6e00000)
 Metaspace       used 68087K, capacity 71490K, committed 71640K, reserved 1112064K
  class space    used 8489K, capacity 9077K, committed 9176K, reserved 1048576K
GC Heap History (10 events):
Event: 1037.848 GC heap before
{Heap before GC invocations=21 (full 5):
 PSYoungGen      total 306688K, used 8975K [0x00000000eb400000, 0x0000000100000000, 0x0000000100000000)
  eden space 284672K, 0% used [0x00000000eb400000,0x00000000eb400000,0x00000000fca00000)
  from space 22016K, 40% used [0x00000000fea80000,0x00000000ff343d48,0x0000000100000000)
  to   space 27648K, 0% used [0x00000000fca00000,0x00000000fca00000,0x00000000fe500000)
 ParOldGen       total 83968K, used 37678K [0x00000000c1c00000, 0x00000000c6e00000, 0x00000000eb400000)
  object space 83968K, 44% used [0x00000000c1c00000,0x00000000c40cb900,0x00000000c6e00000)
 Metaspace       used 66113K, capacity 69108K, committed 69464K, reserved 1110016K
  class space    used 8379K, capacity 8924K, committed 9048K, reserved 1048576K
Event: 1038.228 GC heap after
Heap after GC invocations=21 (full 5):
 PSYoungGen      total 306688K, used 0K [0x00000000eb400000, 0x0000000100000000, 0x0000000100000000)
  eden space 284672K, 0% used [0x00000000eb400000,0x00000000eb400000,0x00000000fca00000)
  from space 22016K, 0% used [0x00000000fea80000,0x00000000fea80000,0x0000000100000000)
  to   space 27648K, 0% used [0x00000000fca00000,0x00000000fca00000,0x00000000fe500000)
 ParOldGen       total 83968K, used 27072K [0x00000000c1c00000, 0x00000000c6e00000, 0x00000000eb400000)
  object space 83968K, 32% used [0x00000000c1c00000,0x00000000c36700e8,0x00000000c6e00000)
 Metaspace       used 66113K, capacity 69108K, committed 69464K, reserved 1110016K
  class space    used 8379K, capacity 8924K, committed 9048K, reserved 1048576K
}
Event: 1040.704 GC heap before
{Heap before GC invocations=22 (full 5):
 PSYoungGen      total 306688K, used 284672K [0x00000000eb400000, 0x0000000100000000, 0x0000000100000000)
  eden space 284672K, 100% used [0x00000000eb400000,0x00000000fca00000,0x00000000fca00000)
  from space 22016K, 0% used [0x00000000fea80000,0x00000000fea80000,0x0000000100000000)
  to   space 27648K, 0% used [0x00000000fca00000,0x00000000fca00000,0x00000000fe500000)
 ParOldGen       total 83968K, used 27072K [0x00000000c1c00000, 0x00000000c6e00000, 0x00000000eb400000)
  object space 83968K, 32% used [0x00000000c1c00000,0x00000000c36700e8,0x00000000c6e00000)
 Metaspace       used 66242K, capacity 69310K, committed 69464K, reserved 1110016K
  class space    used 8386K, capacity 8935K, committed 9048K, reserved 1048576K
Event: 1040.740 GC heap after
Heap after GC invocations=22 (full 5):
 PSYoungGen      total 312320K, used 27647K [0x00000000eb400000, 0x0000000100000000, 0x0000000100000000)
  eden space 284672K, 0% used [0x00000000eb400000,0x00000000eb400000,0x00000000fca00000)
  from space 27648K, 99% used [0x00000000fca00000,0x00000000fe4ffd88,0x00000000fe500000)
  to   space 27648K, 0% used [0x00000000fe500000,0x00000000fe500000,0x0000000100000000)
 ParOldGen       total 83968K, used 32322K [0x00000000c1c00000, 0x00000000c6e00000, 0x00000000eb400000)
  object space 83968K, 38% used [0x00000000c1c00000,0x00000000c3b90840,0x00000000c6e00000)
 Metaspace       used 66242K, capacity 69310K, committed 69464K, reserved 1110016K
  class space    used 8386K, capacity 8935K, committed 9048K, reserved 1048576K
}
Event: 1223.895 GC heap before
{Heap before GC invocations=23 (full 5):
 PSYoungGen      total 312320K, used 215165K [0x00000000eb400000, 0x0000000100000000, 0x0000000100000000)
  eden space 284672K, 65% used [0x00000000eb400000,0x00000000f6b1f838,0x00000000fca00000)
  from space 27648K, 99% used [0x00000000fca00000,0x00000000fe4ffd88,0x00000000fe500000)
  to   space 27648K, 0% used [0x00000000fe500000,0x00000000fe500000,0x0000000100000000)
 ParOldGen       total 83968K, used 32322K [0x00000000c1c00000, 0x00000000c6e00000, 0x00000000eb400000)
  object space 83968K, 38% used [0x00000000c1c00000,0x00000000c3b90840,0x00000000c6e00000)
 Metaspace       used 66995K, capacity 70230K, committed 70488K, reserved 1110016K
  class space    used 8427K, capacity 9012K, committed 9048K, reserved 1048576K
Event: 1223.915 GC heap after
Heap after GC invocations=23 (full 5):
 PSYoungGen      total 302080K, used 6939K [0x00000000eb400000, 0x0000000100000000, 0x0000000100000000)
  eden space 274432K, 0% used [0x00000000eb400000,0x00000000eb400000,0x00000000fc000000)
  from space 27648K, 25% used [0x00000000fe500000,0x00000000febc6d28,0x0000000100000000)
  to   space 32768K, 0% used [0x00000000fc000000,0x00000000fc000000,0x00000000fe000000)
 ParOldGen       total 83968K, used 33386K [0x00000000c1c00000, 0x00000000c6e00000, 0x00000000eb400000)
  object space 83968K, 39% used [0x00000000c1c00000,0x00000000c3c9a840,0x00000000c6e00000)
 Metaspace       used 66995K, capacity 70230K, committed 70488K, reserved 1110016K
  class space    used 8427K, capacity 9012K, committed 9048K, reserved 1048576K
}
Event: 1223.915 GC heap before
{Heap before GC invocations=24 (full 6):
 PSYoungGen      total 302080K, used 6939K [0x00000000eb400000, 0x0000000100000000, 0x0000000100000000)
  eden space 274432K, 0% used [0x00000000eb400000,0x00000000eb400000,0x00000000fc000000)
  from space 27648K, 25% used [0x00000000fe500000,0x00000000febc6d28,0x0000000100000000)
  to   space 32768K, 0% used [0x00000000fc000000,0x00000000fc000000,0x00000000fe000000)
 ParOldGen       total 83968K, used 33386K [0x00000000c1c00000, 0x00000000c6e00000, 0x00000000eb400000)
  object space 83968K, 39% used [0x00000000c1c00000,0x00000000c3c9a840,0x00000000c6e00000)
 Metaspace       used 66995K, capacity 70230K, committed 70488K, reserved 1110016K
  class space    used 8427K, capacity 9012K, committed 9048K, reserved 1048576K
Event: 1224.234 GC heap after
Heap after GC invocations=24 (full 6):
 PSYoungGen      total 302080K, used 0K [0x00000000eb400000, 0x0000000100000000, 0x0000000100000000)
  eden space 274432K, 0% used [0x00000000eb400000,0x00000000eb400000,0x00000000fc000000)
  from space 27648K, 0% used [0x00000000fe500000,0x00000000fe500000,0x0000000100000000)
  to   space 32768K, 0% used [0x00000000fc000000,0x00000000fc000000,0x00000000fe000000)
 ParOldGen       total 83968K, used 30222K [0x00000000c1c00000, 0x00000000c6e00000, 0x00000000eb400000)
  object space 83968K, 35% used [0x00000000c1c00000,0x00000000c3983960,0x00000000c6e00000)
 Metaspace       used 66995K, capacity 70230K, committed 70488K, reserved 1110016K
  class space    used 8427K, capacity 9012K, committed 9048K, reserved 1048576K
}
Event: 1226.575 GC heap before
{Heap before GC invocations=25 (full 6):
 PSYoungGen      total 302080K, used 274432K [0x00000000eb400000, 0x0000000100000000, 0x0000000100000000)
  eden space 274432K, 100% used [0x00000000eb400000,0x00000000fc000000,0x00000000fc000000)
  from space 27648K, 0% used [0x00000000fe500000,0x00000000fe500000,0x0000000100000000)
  to   space 32768K, 0% used [0x00000000fc000000,0x00000000fc000000,0x00000000fe000000)
 ParOldGen       total 83968K, used 30222K [0x00000000c1c00000, 0x00000000c6e00000, 0x00000000eb400000)
  object space 83968K, 35% used [0x00000000c1c00000,0x00000000c3983960,0x00000000c6e00000)
 Metaspace       used 67067K, capacity 70334K, committed 70488K, reserved 1110016K
  class space    used 8431K, capacity 9018K, committed 9048K, reserved 1048576K
Event: 1226.616 GC heap after
Heap after GC invocations=25 (full 6):
 PSYoungGen      total 307200K, used 32765K [0x00000000eb400000, 0x0000000100000000, 0x0000000100000000)
  eden space 274432K, 0% used [0x00000000eb400000,0x00000000eb400000,0x00000000fc000000)
  from space 32768K, 99% used [0x00000000fc000000,0x00000000fdfff658,0x00000000fe000000)
  to   space 32768K, 0% used [0x00000000fe000000,0x00000000fe000000,0x0000000100000000)
 ParOldGen       total 83968K, used 30471K [0x00000000c1c00000, 0x00000000c6e00000, 0x00000000eb400000)
  object space 83968K, 36% used [0x00000000c1c00000,0x00000000c39c1fb0,0x00000000c6e00000)
 Metaspace       used 67067K, capacity 70334K, committed 70488K, reserved 1110016K
  class space    used 8431K, capacity 9018K, committed 9048K, reserved 1048576K
}

